#
# A fatal error has been detected by the Java Runtime Environment:
#
#  EXCEPTION_ACCESS_VIOLATION (0xc0000005) at pc=0x0000000064bcaf61, pid=6460, tid=0x0000000000000dc0
#
# JRE version: Java(TM) SE Runtime Environment (8.0_131-b11) (build 1.8.0_131-b11)
# Java VM: Java HotSpot(TM) 64-Bit Server VM (25.131-b11 mixed mode windows-amd64 compressed oops)
# Problematic frame:
# V  [jvm.dll+0x41af61]
#
# Failed to write core dump. Minidumps are not enabled by default on client versions of Windows
#
# If you would like to submit a bug report, please visit:
#   http://bugreport.java.com/bugreport/crash.jsp
#

---------------  T H R E A D  ---------------

Current thread (0x000000005500b000):  JavaThread "C1 CompilerThread2" daemon [_thread_in_native, id=3520, stack(0x0000000056ee0000,0x0000000056fe0000)]

siginfo: ExceptionCode=0xc0000005, reading address 0x0000000000000008

Registers:
RAX=0x0000000000000002, RBX=0x0000000000000000, RCX=0x0000000000000001, RDX=0x00000000566f58f0
RSP=0x0000000056fde550, RBP=0x0000000000000000, RSI=0x000000000000000b, RDI=0x00000000566f58b0
R8 =0x00000000566f58f0, R9 =0x00000000647b0000, R10=0x0000000055001910, R11=0x00000000566e7cd0
R12=0x0000000054ff2601, R13=0x0000000000000000, R14=0x0000000000000000, R15=0x00000000000000b7
RIP=0x0000000064bcaf61, EFLAGS=0x0000000000010202

Top of Stack: (sp=0x0000000056fde550)
0x0000000056fde550:   0000000056fde980 0000000000000000
0x0000000056fde560:   000000000000000b 00000000566f58b0
0x0000000056fde570:   0000000056fde600 00000000648594bc
0x0000000056fde580:   0000000056fde980 0000000064bcd299
0x0000000056fde590:   0000000080000101 00000000566eb8e0
0x0000000056fde5a0:   0000000000000000 000000005500b000
0x0000000056fde5b0:   000000005468dcd8 000000005500b000
0x0000000056fde5c0:   000000005468dcd8 00000000647ec0f0
0x0000000056fde5d0:   000000005500b000 0000000000000000
0x0000000056fde5e0:   0000000055001910 0000000054ff2680
0x0000000056fde5f0:   00000000566eb8e0 00000000000000b7
0x0000000056fde600:   0000000056fde980 0000000064bd0e4b
0x0000000056fde610:   0000000000000000 000000000000008a
0x0000000056fde620:   00000000000000b7 00000000000000b7
0x0000000056fde630:   000000001461dea8 00000000000000b7
0x0000000056fde640:   0000000056fde980 0000000064bccba2 

Instructions: (pc=0x0000000064bcaf61)
0x0000000064bcaf41:   44 8b 41 10 44 2b 41 28 48 8b cb e8 ef a5 ff ff
0x0000000064bcaf51:   48 8b 4b 50 48 8b 50 18 4c 8b c0 e8 0f 77 ff ff
0x0000000064bcaf61:   4c 8b 5b 08 48 8b 5c 24 40 48 8b 74 24 48 41 c6
0x0000000064bcaf71:   43 5a 01 b0 01 48 83 c4 30 5f c3 cc cc cc cc 48 


Register to memory mapping:

RAX=0x0000000000000002 is an unknown value
RBX=0x0000000000000000 is an unknown value
RCX=0x0000000000000001 is an unknown value
RDX=0x00000000566f58f0 is an unknown value
RSP=0x0000000056fde550 is pointing into the stack for thread: 0x000000005500b000
RBP=0x0000000000000000 is an unknown value
RSI=0x000000000000000b is an unknown value
RDI=0x00000000566f58b0 is an unknown value
R8 =0x00000000566f58f0 is an unknown value
R9 =0x00000000647b0000 is an unknown value
R10=0x0000000055001910 is an unknown value
R11=0x00000000566e7cd0 is an unknown value
R12=0x0000000054ff2601 is an unknown value
R13=0x0000000000000000 is an unknown value
R14=0x0000000000000000 is an unknown value
R15=0x00000000000000b7 is an unknown value


Stack: [0x0000000056ee0000,0x0000000056fe0000],  sp=0x0000000056fde550,  free space=1017k
Native frames: (J=compiled Java code, j=interpreted, Vv=VM code, C=native code)


Current CompileTask:
C1:    357  202       3       java.nio.DirectLongBufferU::get (16 bytes)


---------------  P R O C E S S  ---------------

Java Threads: ( => current thread )
  0x000000005500f800 JavaThread "Service Thread" daemon [_thread_blocked, id=2068, stack(0x0000000056260000,0x0000000056360000)]
=>0x000000005500b000 JavaThread "C1 CompilerThread2" daemon [_thread_in_native, id=3520, stack(0x0000000056ee0000,0x0000000056fe0000)]
  0x0000000055006000 JavaThread "C2 CompilerThread1" daemon [_thread_blocked, id=5804, stack(0x0000000056d10000,0x0000000056e10000)]
  0x0000000056484000 JavaThread "C2 CompilerThread0" daemon [_thread_blocked, id=1168, stack(0x0000000056c00000,0x0000000056d00000)]
  0x0000000056480800 JavaThread "Attach Listener" daemon [_thread_blocked, id=6020, stack(0x00000000569d0000,0x0000000056ad0000)]
  0x0000000055004000 JavaThread "Signal Dispatcher" daemon [_thread_blocked, id=2888, stack(0x0000000055f10000,0x0000000056010000)]
  0x0000000054feb800 JavaThread "Finalizer" daemon [_thread_blocked, id=6100, stack(0x0000000056380000,0x0000000056480000)]
  0x0000000054fa4800 JavaThread "Reference Handler" daemon [_thread_blocked, id=5220, stack(0x0000000056150000,0x0000000056250000)]
  0x00000000021f8000 JavaThread "main" [_thread_blocked, id=5300, stack(0x00000000024c0000,0x00000000025c0000)]

Other Threads:
  0x0000000054f9d000 VMThread [stack: 0x0000000056040000,0x0000000056140000] [id=6600]
  0x000000005652c800 WatcherThread [stack: 0x0000000057090000,0x0000000057190000] [id=5812]

VM state:at safepoint (normal execution)

VM Mutex/Monitor currently owned by a thread:  ([mutex/lock_event])
[0x000000000230e6f0] Threads_lock - owner thread: 0x0000000054f9d000
[0x000000000230ebf0] Heap_lock - owner thread: 0x00000000021f8000

Heap:
 PSYoungGen      total 18944K, used 127K [0x00000000eb200000, 0x00000000ec700000, 0x0000000100000000)
  eden space 16384K, 0% used [0x00000000eb200000,0x00000000eb200000,0x00000000ec200000)
  from space 2560K, 4% used [0x00000000ec200000,0x00000000ec21fe10,0x00000000ec480000)
  to   space 2560K, 0% used [0x00000000ec480000,0x00000000ec480000,0x00000000ec700000)
 ParOldGen       total 44032K, used 16877K [0x00000000c1600000, 0x00000000c4100000, 0x00000000eb200000)
  object space 44032K, 38% used [0x00000000c1600000,0x00000000c267b638,0x00000000c4100000)
 Metaspace       used 4918K, capacity 5472K, committed 5760K, reserved 1056768K
  class space    used 567K, capacity 592K, committed 640K, reserved 1048576K

Card table byte_map: [0x0000000011c50000,0x0000000011e50000] byte_map_base: 0x0000000011645000

Marking Bits: (ParMarkBitMap*) 0x0000000064fcc720
 Begin Bits: [0x00000000124c0000, 0x0000000013468000)
 End Bits:   [0x0000000013468000, 0x0000000014410000)

Polling page: 0x0000000000320000

CodeCache: size=245760Kb used=1560Kb max_used=1578Kb free=244199Kb
 bounds [0x0000000002890000, 0x0000000002b00000, 0x0000000011890000]
 total_blobs=489 nmethods=209 adapters=193
 compilation: enabled

Compilation events (10 events):
Event: 0.298 Thread 0x0000000056484000  214       4       jxl.biff.Type::getType (38 bytes)
Event: 0.301 Thread 0x0000000056484000 nmethod 214 0x0000000002a10790 code [0x0000000002a108e0, 0x0000000002a10a18]
Event: 0.301 Thread 0x0000000055006000  216       4       java.lang.String::replace (127 bytes)
Event: 0.305 Thread 0x0000000056484000  220       4       sun.misc.MetaIndex::mayContain (51 bytes)
Event: 0.310 Thread 0x0000000055006000 nmethod 216 0x0000000002a0fc10 code [0x0000000002a0fd60, 0x0000000002a101d8]
Event: 0.310 Thread 0x0000000055006000  221       4       java.util.concurrent.ConcurrentHashMap::setTabAt (19 bytes)
Event: 0.310 Thread 0x0000000056484000 nmethod 220 0x0000000002a0f590 code [0x0000000002a0f6e0, 0x0000000002a0f918]
Event: 0.310 Thread 0x0000000055006000 nmethod 221 0x0000000002a14510 code [0x0000000002a14640, 0x0000000002a146b8]
Event: 0.313 Thread 0x0000000056484000  223  s!   4       sun.misc.URLClassPath::getLoader (243 bytes)
Event: 0.314 Thread 0x0000000055006000  224  s    4       sun.misc.URLClassPath::getNextLoader (88 bytes)

GC Heap History (4 events):
Event: 0.211 GC heap before
{Heap before GC invocations=1 (full 0):
 PSYoungGen      total 18944K, used 6781K [0x00000000eb200000, 0x00000000ec700000, 0x0000000100000000)
  eden space 16384K, 41% used [0x00000000eb200000,0x00000000eb89f688,0x00000000ec200000)
  from space 2560K, 0% used [0x00000000ec480000,0x00000000ec480000,0x00000000ec700000)
  to   space 2560K, 0% used [0x00000000ec200000,0x00000000ec200000,0x00000000ec480000)
 ParOldGen       total 44032K, used 0K [0x00000000c1600000, 0x00000000c4100000, 0x00000000eb200000)
  object space 44032K, 0% used [0x00000000c1600000,0x00000000c1600000,0x00000000c4100000)
 Metaspace       used 3225K, capacity 4664K, committed 4864K, reserved 1056768K
  class space    used 353K, capacity 424K, committed 512K, reserved 1048576K
Event: 0.215 GC heap after
Heap after GC invocations=1 (full 0):
 PSYoungGen      total 18944K, used 649K [0x00000000eb200000, 0x00000000ec700000, 0x0000000100000000)
  eden space 16384K, 0% used [0x00000000eb200000,0x00000000eb200000,0x00000000ec200000)
  from space 2560K, 25% used [0x00000000ec200000,0x00000000ec2a24b8,0x00000000ec480000)
  to   space 2560K, 0% used [0x00000000ec480000,0x00000000ec480000,0x00000000ec700000)
 ParOldGen       total 44032K, used 10248K [0x00000000c1600000, 0x00000000c4100000, 0x00000000eb200000)
  object space 44032K, 23% used [0x00000000c1600000,0x00000000c2002020,0x00000000c4100000)
 Metaspace       used 3225K, capacity 4664K, committed 4864K, reserved 1056768K
  class space    used 353K, capacity 424K, committed 512K, reserved 1048576K
}
Event: 0.215 GC heap before
{Heap before GC invocations=2 (full 1):
 PSYoungGen      total 18944K, used 649K [0x00000000eb200000, 0x00000000ec700000, 0x0000000100000000)
  eden space 16384K, 0% used [0x00000000eb200000,0x00000000eb200000,0x00000000ec200000)
  from space 2560K, 25% used [0x00000000ec200000,0x00000000ec2a24b8,0x00000000ec480000)
  to   space 2560K, 0% used [0x00000000ec480000,0x00000000ec480000,0x00000000ec700000)
 ParOldGen       total 44032K, used 10248K [0x00000000c1600000, 0x00000000c4100000, 0x00000000eb200000)
  object space 44032K, 23% used [0x00000000c1600000,0x00000000c2002020,0x00000000c4100000)
 Metaspace       used 3225K, capacity 4664K, committed 4864K, reserved 1056768K
  class space    used 353K, capacity 424K, committed 512K, reserved 1048576K
Event: 0.221 GC heap after
Heap after GC invocations=2 (full 1):
 PSYoungGen      total 18944K, used 0K [0x00000000eb200000, 0x00000000ec700000, 0x0000000100000000)
  eden space 16384K, 0% used [0x00000000eb200000,0x00000000eb200000,0x00000000ec200000)
  from space 2560K, 0% used [0x00000000ec200000,0x00000000ec200000,0x00000000ec480000)
  to   space 2560K, 0% used [0x00000000ec480000,0x00000000ec480000,0x00000000ec700000)
 ParOldGen       total 44032K, used 5685K [0x00000000c1600000, 0x00000000c4100000, 0x00000000eb200000)
  object space 44032K, 12% used [0x00000000c1600000,0x00000000c1b8d648,0x00000000c4100000)
 Metaspace       used 3225K, capacity 4664K, committed 4864K, reserved 1056768K
  class space    used 353K, capacity 424K, committed 512K, reserved 1048576K
}

Deoptimization events (2 events):
Event: 0.173 Thread 0x00000000021f8000 Uncommon trap: reason=unstable_if action=reinterpret pc=0x00000000029abd68 method=java.lang.String.hashCode()I @ 14
Event: 0.308 Thread 0x00000000021f8000 Uncommon trap: reason=unstable_if action=reinterpret pc=0x00000000029e9180 method=java.lang.CharacterData.of(I)Ljava/lang/CharacterData; @ 4

Internal exceptions (6 events):
Event: 0.062 Thread 0x00000000021f8000 Exception <a 'java/lang/NoSuchMethodError': Method sun.misc.Unsafe.defineClass(Ljava/lang/String;[BII)Ljava/lang/Class; name or signature does not match> (0x00000000eb207ca8) thrown at [C:\re\workspace\8-2-build-windows-amd64-cygwin\jdk8u131\8869\hotspot\
Event: 0.063 Thread 0x00000000021f8000 Exception <a 'java/lang/NoSuchMethodError': Method sun.misc.Unsafe.prefetchRead(Ljava/lang/Object;J)V name or signature does not match> (0x00000000eb207f90) thrown at [C:\re\workspace\8-2-build-windows-amd64-cygwin\jdk8u131\8869\hotspot\src\share\vm\prims
Event: 0.260 Thread 0x00000000021f8000 Exception <a 'java/security/PrivilegedActionException'> (0x00000000eb3259e8) thrown at [C:\re\workspace\8-2-build-windows-amd64-cygwin\jdk8u131\8869\hotspot\src\share\vm\prims\jvm.cpp, line 1390]
Event: 0.260 Thread 0x00000000021f8000 Exception <a 'java/security/PrivilegedActionException'> (0x00000000eb325de0) thrown at [C:\re\workspace\8-2-build-windows-amd64-cygwin\jdk8u131\8869\hotspot\src\share\vm\prims\jvm.cpp, line 1390]
Event: 0.261 Thread 0x00000000021f8000 Exception <a 'java/security/PrivilegedActionException'> (0x00000000eb32a0c0) thrown at [C:\re\workspace\8-2-build-windows-amd64-cygwin\jdk8u131\8869\hotspot\src\share\vm\prims\jvm.cpp, line 1390]
Event: 0.261 Thread 0x00000000021f8000 Exception <a 'java/security/PrivilegedActionException'> (0x00000000eb32a4b8) thrown at [C:\re\workspace\8-2-build-windows-amd64-cygwin\jdk8u131\8869\hotspot\src\share\vm\prims\jvm.cpp, line 1390]

Events (10 events):
Event: 0.319 loading class jxl/biff/formula/Equal
Event: 0.319 loading class jxl/biff/formula/Equal done
Event: 0.319 loading class jxl/biff/formula/Parenthesis
Event: 0.319 loading class jxl/biff/formula/Parenthesis done
Event: 0.320 loading class jxl/biff/formula/Attribute
Event: 0.320 loading class jxl/biff/formula/Attribute done
Event: 0.320 loading class jxl/biff/formula/BuiltInFunction
Event: 0.320 loading class jxl/biff/formula/BuiltInFunction done
Event: 0.320 loading class jxl/biff/formula/VariableArgFunction
Event: 0.320 loading class jxl/biff/formula/VariableArgFunction done


Dynamic libraries:
0x000000013fb00000 - 0x000000013fb37000 	C:\Program Files\Java\jdk1.8.0_131\bin\javaw.exe
0x00000000772e0000 - 0x0000000077489000 	C:\Windows\SYSTEM32\ntdll.dll
0x00000000771c0000 - 0x00000000772df000 	C:\Windows\system32\kernel32.dll
0x000007fefd590000 - 0x000007fefd5fb000 	C:\Windows\system32\KERNELBASE.dll
0x000007feff0d0000 - 0x000007feff1ab000 	C:\Windows\system32\ADVAPI32.dll
0x000007feff550000 - 0x000007feff5ef000 	C:\Windows\system32\msvcrt.dll
0x000007fefed80000 - 0x000007fefed9f000 	C:\Windows\SYSTEM32\sechost.dll
0x000007feff390000 - 0x000007feff4bd000 	C:\Windows\system32\RPCRT4.dll
0x00000000770c0000 - 0x00000000771ba000 	C:\Windows\system32\USER32.dll
0x000007fefec20000 - 0x000007fefec87000 	C:\Windows\system32\GDI32.dll
0x000007feff4c0000 - 0x000007feff4ce000 	C:\Windows\system32\LPK.dll
0x000007fefd830000 - 0x000007fefd8f9000 	C:\Windows\system32\USP10.dll
0x000007fefbce0000 - 0x000007fefbed4000 	C:\Windows\WinSxS\amd64_microsoft.windows.common-controls_6595b64144ccf1df_6.0.7601.17514_none_fa396087175ac9ac\COMCTL32.dll
0x000007feff4d0000 - 0x000007feff541000 	C:\Windows\system32\SHLWAPI.dll
0x000007fefefc0000 - 0x000007fefefee000 	C:\Windows\system32\IMM32.DLL
0x000007fefd9a0000 - 0x000007fefdaa9000 	C:\Windows\system32\MSCTF.dll
0x00000000674a0000 - 0x0000000067572000 	C:\Program Files\Java\jdk1.8.0_131\jre\bin\msvcr100.dll
0x00000000647b0000 - 0x000000006504c000 	C:\Program Files\Java\jdk1.8.0_131\jre\bin\server\jvm.dll
0x000007fef85e0000 - 0x000007fef85e9000 	C:\Windows\system32\WSOCK32.dll
0x000007fefec90000 - 0x000007fefecdd000 	C:\Windows\system32\WS2_32.dll
0x000007fefeda0000 - 0x000007fefeda8000 	C:\Windows\system32\NSI.dll
0x000007fefacc0000 - 0x000007fefacfb000 	C:\Windows\system32\WINMM.dll
0x000007fefc390000 - 0x000007fefc39c000 	C:\Windows\system32\VERSION.dll
0x00000000774a0000 - 0x00000000774a7000 	C:\Windows\system32\PSAPI.DLL
0x0000000071340000 - 0x000000007134f000 	C:\Program Files\Java\jdk1.8.0_131\jre\bin\verify.dll
0x0000000071310000 - 0x0000000071339000 	C:\Program Files\Java\jdk1.8.0_131\jre\bin\java.dll
0x000000006bbc0000 - 0x000000006bbd6000 	C:\Program Files\Java\jdk1.8.0_131\jre\bin\zip.dll
0x000007fefde90000 - 0x000007fefec18000 	C:\Windows\system32\SHELL32.dll
0x000007fefedb0000 - 0x000007fefefb3000 	C:\Windows\system32\ole32.dll
0x000007fefd230000 - 0x000007fefd23f000 	C:\Windows\system32\profapi.dll
0x000007feec6c0000 - 0x000007feec7e5000 	C:\Windows\system32\dbghelp.dll

VM Arguments:
jvm_args: -Dfile.encoding=UTF-8 
java_command: Huawei.RMAExcel
java_class_path (initial): C:\Program Files\Java\jdk1.8.0_131\jre\lib\resources.jar;C:\Program Files\Java\jdk1.8.0_131\jre\lib\rt.jar;C:\Program Files\Java\jdk1.8.0_131\jre\lib\jsse.jar;C:\Program Files\Java\jdk1.8.0_131\jre\lib\jce.jar;C:\Program Files\Java\jdk1.8.0_131\jre\lib\charsets.jar;C:\Program Files\Java\jdk1.8.0_131\jre\lib\jfr.jar;C:\Program Files\Java\jdk1.8.0_131\jre\lib\ext\access-bridge-64.jar;C:\Program Files\Java\jdk1.8.0_131\jre\lib\ext\cldrdata.jar;C:\Program Files\Java\jdk1.8.0_131\jre\lib\ext\dnsns.jar;C:\Program Files\Java\jdk1.8.0_131\jre\lib\ext\jaccess.jar;C:\Program Files\Java\jdk1.8.0_131\jre\lib\ext\jfxrt.jar;C:\Program Files\Java\jdk1.8.0_131\jre\lib\ext\localedata.jar;C:\Program Files\Java\jdk1.8.0_131\jre\lib\ext\nashorn.jar;C:\Program Files\Java\jdk1.8.0_131\jre\lib\ext\sunec.jar;C:\Program Files\Java\jdk1.8.0_131\jre\lib\ext\sunjce_provider.jar;C:\Program Files\Java\jdk1.8.0_131\jre\lib\ext\sunmscapi.jar;C:\Program Files\Java\jdk1.8.0_131\jre\lib\ext\sunpkcs11.jar;C:\Program Files\Java\jdk1.8.0_131\jre\lib\ext\zipfs.jar;D:\NewWorkSpace\QAPlanet\bin;D:\jar\client-combined-3.4.0-nodeps.jar;D:\jar\extentreports-2.41.2.jar;D:\jar\jxl-2.6.12.jar;D:\jar\selenium-firefox-driver-2.0a4.jar;D:\jar\selenium-java.jar;D:\jar\selenium-java-2.0b1.jar;D:\jar\testng-6.13.1.jar;D:\jar\apache-maven-3.5.2\lib\aopalliance-1.0.jar;D:\jar\apache-maven-3.5.2\lib\cdi-api-1.0.jar;D:\jar\apache-maven-3.5.2\lib\commons-cli-1.4.jar;D:\jar\apache-maven-3.5.2\lib\commons-io-2.5.jar;D:\jar\apache-maven-3.5.2\lib\commons-lang3-3.5.jar;D:\jar\apache-maven-3.5.2\lib\guava-20.0.jar;D:\jar\apache-maven-3.5.2\lib\guice-4.0-no_aop.jar;D:\jar\apache-maven-3.5.2\lib\jansi-1.16.jar;D:\jar\apache-maven-3.5.2\lib\javax.inject-1.jar;D:\jar\apache-maven-3.5.2\lib\jcl-over-slf4j-1.7.25.jar;D:\jar\apache-maven-3.5.2\lib\jsr250-api-1.0.jar;D:\jar\apache-maven-3.5.2\lib\maven-artifact-3.5.2.jar;D:\jar\apache-maven-3.5.2\lib\maven-builder-support-3.5.2.jar;D:\jar\apache-maven-3.5.2
Launcher Type: SUN_STANDARD

Environment Variables:
PATH=C:/Program Files/Java/New folder/bin/server;C:/Program Files/Java/New folder/bin;C:/Program Files/Java/New folder/lib/amd64;C:\ProgramData\Oracle\Java\javapath;C:\Windows\system32;C:\Windows;C:\Windows\System32\Wbem;C:\Windows\System32\WindowsPowerShell\v1.0\;C:\Program Files (x86)\PuTTY\;C:\Program Files\Java\jdk1.8.0_131\bin;D:\backup\Downloads\eclipse;
USERNAME=softnet
OS=Windows_NT
PROCESSOR_IDENTIFIER=Intel64 Family 6 Model 69 Stepping 1, GenuineIntel



---------------  S Y S T E M  ---------------

OS: Windows 7 , 64 bit Build 7601 (6.1.7601.17514)

CPU:total 4 (initial active 4) (2 cores per cpu, 2 threads per core) family 6 model 69 stepping 1, cmov, cx8, fxsr, mmx, sse, sse2, sse3, ssse3, sse4.1, sse4.2, popcnt, avx, avx2, aes, clmul, erms, lzcnt, ht, tsc, tscinvbit, bmi1, bmi2

Memory: 4k page, physical 4097464k(1600340k free), swap 8193084k(4887692k free)

vm_info: Java HotSpot(TM) 64-Bit Server VM (25.131-b11) for windows-amd64 JRE (1.8.0_131-b11), built on Mar 15 2017 01:23:53 by "java_re" with MS VC++ 10.0 (VS2010)

time: Fri Sep 07 15:38:17 2018
elapsed time: 0 seconds (0d 0h 0m 0s)

